# JRE version: OpenJDK Runtime Environment Temurin-25.0.2+10 (25.0.2+10) (build 25.0.2+10-LTS)
# Java VM: OpenJDK 64-Bit Server VM Temurin-25.0.2+10 (25.0.2+10-LTS, mixed mode, emulated-client, sharing, tiered, compressed oops, compressed class ptrs, g1 gc, windows-amd64)
GC Precious Log:
 CardTable entry size: 512
 Card Set container configuration: InlinePtr #cards 4 size 8 Array Of Cards #cards 32 size 80 Howl #buckets 8 coarsen threshold 7372 Howl Bitmap #cards 1024 size 144 coarsen threshold 921 Card regions per heap region 1 cards per card region 8192
 CPUs: 8 total, 8 available
 Memory: 32700M
 Large Page Support: Disabled
 NUMA Support: Disabled
 Compressed Oops: Enabled (Zero based)
 Heap Region Size: 4M
 Heap Min Capacity: 8M
 Heap Initial Capacity: 512M
 Heap Max Capacity: 8176M
 Pre-touch: Disabled
 Parallel Workers: 8
 Concurrent Workers: 2
 Concurrent Refinement Workers: 8
 Periodic GC: Disabled
Heap:
 garbage-first heap   total reserved 8372224K, committed 81920K, used 59858K [0x0000000601000000, 0x0000000800000000)
  region size 4096K, 10 young (40960K), 0 survivors (0K)
GC Heap Usage History (20 events):
Event: 2989.105 {heap Before GC invocations=57 (full 17):
 garbage-first heap   total reserved 8372224K, committed 81920K, used 64062K [0x0000000601000000, 0x0000000800000000)
  region size 4096K, 10 young (40960K), 0 survivors (0K)
}
Event: 2989.108 {heap After GC invocations=58 (full 17):
 garbage-first heap   total reserved 8372224K, committed 81920K, used 27968K [0x0000000601000000, 0x0000000800000000)
  region size 4096K, 2 young (8192K), 2 survivors (8192K)
}
Event: 3106.837 {heap Before GC invocations=58 (full 17):
 garbage-first heap   total reserved 8372224K, committed 81920K, used 60736K [0x0000000601000000, 0x0000000800000000)
  region size 4096K, 10 young (40960K), 2 survivors (8192K)
}
Event: 3106.841 {heap After GC invocations=59 (full 17):
 garbage-first heap   total reserved 8372224K, committed 81920K, used 27551K [0x0000000601000000, 0x0000000800000000)
  region size 4096K, 1 young (4096K), 1 survivors (4096K)
}
Event: 3114.720 {heap Before GC invocations=59 (full 17):
 garbage-first heap   total reserved 8372224K, committed 81920K, used 27551K [0x0000000601000000, 0x0000000800000000)
  region size 4096K, 2 young (8192K), 1 survivors (4096K)
}
Event: 3114.755 {heap After GC invocations=60 (full 18):
 garbage-first heap   total reserved 8372224K, committed 81920K, used 20765K [0x0000000601000000, 0x0000000800000000)
  region size 4096K, 0 young (0K), 0 survivors (0K)
}
Event: 3115.002 {heap Before GC invocations=60 (full 18):
 garbage-first heap   total reserved 8372224K, committed 81920K, used 65821K [0x0000000601000000, 0x0000000800000000)
  region size 4096K, 11 young (45056K), 0 survivors (0K)
}
Event: 3115.005 {heap After GC invocations=61 (full 18):
 garbage-first heap   total reserved 8372224K, committed 81920K, used 26499K [0x0000000601000000, 0x0000000800000000)
  region size 4096K, 2 young (8192K), 2 survivors (8192K)
}
Event: 3183.109 {heap Before GC invocations=61 (full 18):
 garbage-first heap   total reserved 8372224K, committed 81920K, used 59267K [0x0000000601000000, 0x0000000800000000)
  region size 4096K, 11 young (45056K), 2 survivors (8192K)
}
Event: 3183.153 {heap After GC invocations=62 (full 19):
 garbage-first heap   total reserved 8372224K, committed 81920K, used 22974K [0x0000000601000000, 0x0000000800000000)
  region size 4096K, 0 young (0K), 0 survivors (0K)
}
Event: 3183.394 {heap Before GC invocations=62 (full 19):
 garbage-first heap   total reserved 8372224K, committed 81920K, used 59838K [0x0000000601000000, 0x0000000800000000)
  region size 4096K, 10 young (40960K), 0 survivors (0K)
}
Event: 3183.396 {heap After GC invocations=63 (full 19):
 garbage-first heap   total reserved 8372224K, committed 81920K, used 27945K [0x0000000601000000, 0x0000000800000000)
  region size 4096K, 2 young (8192K), 2 survivors (8192K)
}
Event: 3294.888 {heap Before GC invocations=63 (full 19):
 garbage-first heap   total reserved 8372224K, committed 81920K, used 60713K [0x0000000601000000, 0x0000000800000000)
  region size 4096K, 10 young (40960K), 2 survivors (8192K)
}
Event: 3294.892 {heap After GC invocations=64 (full 19):
 garbage-first heap   total reserved 8372224K, committed 81920K, used 27466K [0x0000000601000000, 0x0000000800000000)
  region size 4096K, 1 young (4096K), 1 survivors (4096K)
}
Event: 3311.857 {heap Before GC invocations=64 (full 19):
 garbage-first heap   total reserved 8372224K, committed 81920K, used 27466K [0x0000000601000000, 0x0000000800000000)
  region size 4096K, 2 young (8192K), 1 survivors (4096K)
}
Event: 3311.890 {heap After GC invocations=65 (full 20):
 garbage-first heap   total reserved 8372224K, committed 81920K, used 20794K [0x0000000601000000, 0x0000000800000000)
  region size 4096K, 0 young (0K), 0 survivors (0K)
}
Event: 3312.134 {heap Before GC invocations=65 (full 20):
 garbage-first heap   total reserved 8372224K, committed 81920K, used 65850K [0x0000000601000000, 0x0000000800000000)
  region size 4096K, 11 young (45056K), 0 survivors (0K)
}
Event: 3312.137 {heap After GC invocations=66 (full 20):
 garbage-first heap   total reserved 8372224K, committed 81920K, used 26445K [0x0000000601000000, 0x0000000800000000)
  region size 4096K, 2 young (8192K), 2 survivors (8192K)
}
Event: 3384.296 {heap Before GC invocations=66 (full 20):
 garbage-first heap   total reserved 8372224K, committed 81920K, used 59213K [0x0000000601000000, 0x0000000800000000)
  region size 4096K, 11 young (45056K), 2 survivors (8192K)
}
Event: 3384.334 {heap After GC invocations=67 (full 21):
 garbage-first heap   total reserved 8372224K, committed 81920K, used 22994K [0x0000000601000000, 0x0000000800000000)
  region size 4096K, 0 young (0K), 0 survivors (0K)
}

